<?xml version="1.0" encoding="UTF-8"?>
<!-- Generated by org.testng.reporters.JUnitReportReporter -->
<testsuite hostname="SiddhiRao-FVFGWQ7VQ05D" failures="0" tests="8" name="com.browserstack.test.suites.product.FilterTest" time="158.383" errors="0" timestamp="2024-05-23T17:04:20 IST" skipped="0">
  <testcase classname="com.browserstack.test.suites.product.FilterTest" name="filterLowestToHighestTest" time="11.846"/>
  <system-out/>
  <testcase classname="com.browserstack.test.suites.product.FilterTest" name="filterVendorTest" time="9.853"/>
  <system-out/>
  <testcase classname="com.browserstack.test.suites.product.FilterTest" name="filterVendorTest" time="21.281"/>
  <system-out/>
  <testcase classname="com.browserstack.test.suites.product.FilterTest" name="filterLowestToHighestTest" time="24.366"/>
  <system-out/>
  <testcase classname="com.browserstack.test.suites.product.FilterTest" name="filterVendorTest" time="30.953"/>
  <system-out/>
  <testcase classname="com.browserstack.test.suites.product.FilterTest" name="filterLowestToHighestTest" time="19.691"/>
  <system-out/>
  <testcase classname="com.browserstack.test.suites.product.FilterTest" name="filterLowestToHighestTest" time="17.507"/>
  <system-out/>
  <testcase classname="com.browserstack.test.suites.product.FilterTest" name="filterVendorTest" time="22.886"/>
  <system-out/>
</testsuite> <!-- com.browserstack.test.suites.product.FilterTest -->
