<?xml version="1.0" encoding="UTF-8"?>
<!-- Generated by org.testng.reporters.JUnitReportReporter -->
<testsuite hostname="SiddhiRao-FVFGWQ7VQ05D" failures="0" tests="12" name="com.browserstack.test.suites.login.LoginTest" time="226.070" errors="0" timestamp="2024-05-23T17:04:20 IST" skipped="0">
  <testcase classname="com.browserstack.test.suites.login.LoginTest" name="loginLockedUser" time="18.620"/>
  <system-out/>
  <testcase classname="com.browserstack.test.suites.login.LoginTest" name="loginLockedUser" time="10.960"/>
  <system-out/>
  <testcase classname="com.browserstack.test.suites.login.LoginTest" name="loginSuccess" time="23.710"/>
  <system-out/>
  <testcase classname="com.browserstack.test.suites.login.LoginTest" name="loginFail" time="16.142"/>
  <system-out/>
  <testcase classname="com.browserstack.test.suites.login.LoginTest" name="loginLockedUser" time="21.695"/>
  <system-out/>
  <testcase classname="com.browserstack.test.suites.login.LoginTest" name="loginSuccess" time="8.394"/>
  <system-out/>
  <testcase classname="com.browserstack.test.suites.login.LoginTest" name="loginFail" time="19.894"/>
  <system-out/>
  <testcase classname="com.browserstack.test.suites.login.LoginTest" name="loginLockedUser" time="24.414"/>
  <system-out/>
  <testcase classname="com.browserstack.test.suites.login.LoginTest" name="loginSuccess" time="17.867"/>
  <system-out/>
  <testcase classname="com.browserstack.test.suites.login.LoginTest" name="loginSuccess" time="28.538"/>
  <system-out/>
  <testcase classname="com.browserstack.test.suites.login.LoginTest" name="loginFail" time="23.526"/>
  <system-out/>
  <testcase classname="com.browserstack.test.suites.login.LoginTest" name="loginFail" time="12.310"/>
  <system-out/>
</testsuite> <!-- com.browserstack.test.suites.login.LoginTest -->
