<?xml version="1.0" encoding="UTF-8"?>
<!-- Generated by org.testng.reporters.JUnitReportReporter -->
<testsuite hostname="SiddhiRao-FVFGWQ7VQ05D" failures="0" tests="4" name="com.browserstack.test.suites.user.UserTest" time="78.200" errors="0" timestamp="2024-05-23T17:04:20 IST" skipped="0">
  <testcase classname="com.browserstack.test.suites.user.UserTest" name="loginAndCheckExistingOrders" time="25.940"/>
  <system-out/>
  <testcase classname="com.browserstack.test.suites.user.UserTest" name="loginAndCheckExistingOrders" time="9.998"/>
  <system-out/>
  <testcase classname="com.browserstack.test.suites.user.UserTest" name="loginAndCheckExistingOrders" time="22.744"/>
  <system-out/>
  <testcase classname="com.browserstack.test.suites.user.UserTest" name="loginAndCheckExistingOrders" time="19.518"/>
  <system-out/>
</testsuite> <!-- com.browserstack.test.suites.user.UserTest -->
